python3 c9/pwb.py dump277/r_28.py test
PYTHON VERSION: 3114
File: /mnt/nfs/dumps-clouddumps1002.wikimedia.org/other/wikibase/wikidatawiki/latest-all.json.bz2
Size: 94.1 GiB
Starting inline processing (no batch lists) ...
count:1,000  batch:13.2s  total:13s
Memory: 65.0 MB
count:2,000  batch:10.4s  total:23s
Memory: 65.0 MB
count:3,000  batch:8.0s  total:31s
Memory: 65.0 MB
count:4,000  batch:6.6s  total:38s
Memory: 65.0 MB
count:5,000  batch:6.9s  total:45s
Memory: 66.0 MB
count:6,000  batch:7.4s  total:52s
Memory: 67.0 MB
count:7,000  batch:6.6s  total:59s
Memory: 67.0 MB
count:8,000  batch:8.6s  total:67s
Memory: 67.0 MB
count:9,000  batch:5.6s  total:73s
Memory: 67.0 MB
count:10,000  batch:7.8s  total:81s
Memory: 70.0 MB
[test] stopping at 10,000 raw lines

Stream finished.
  Raw lines seen : 10,000
  Items (type=item): 10,000
count:10,000  batch:0.0s  total:81s
Memory: 70.0 MB
OK claims sanity check passed (211,696 total claims)
