python3 c9/pwb.py dump27/r_28.py test all_props
PYTHON VERSION: 3114
File: /mnt/nfs/dumps-clouddumps1002.wikimedia.org/other/wikibase/wikidatawiki/latest-all.json.bz2
Size: 94.1 GiB
Starting inline processing (no batch lists) ...
count:1  batch:0.1s  total:0s
Memory: 38.0 MB
print_frist = False
count:5,000  batch:46.1s  total:46s
Memory: 129.0 MB
count:10,000  batch:66.4s  total:112s
Memory: 68.0 MB
count:15,000  batch:32.7s  total:145s
Memory: 111.0 MB
count:20,000  batch:53.0s  total:198s
Memory: 70.0 MB
[test] stopping at 20,000 raw lines

Stream finished.
Processing completed.

Done. r_28.py completed in 198 seconds
